2026-06-27	 00:55:45     INFO get_candles_by_time_stamps -> symbol=BTCUSDT tick_interval=1d start=2025-12-07 01:00:00 end=2026-06-26 01:59:59
2026-06-27	 00:56:08     INFO get_candles_by_time_stamps -> symbol=BTCUSDT tick_interval=1d start=2025-12-07 01:00:00 end=2026-06-26 01:59:59
2026-06-27	 01:00:50     INFO get_candles_by_time_stamps -> symbol=BTCUSDT tick_interval=1d start=2025-08-29 02:00:00 end=2026-06-26 01:59:59
2026-06-27	 01:04:51     INFO get_candles_by_time_stamps -> symbol=ETHUSDT tick_interval=1d start=2025-08-29 02:00:00 end=2026-06-26 01:59:59
2026-06-27	 01:04:58     INFO get_candles_by_time_stamps -> symbol=SOLUSDT tick_interval=1d start=2025-08-29 02:00:00 end=2026-06-26 01:59:59
2026-06-27	 01:05:05     INFO get_candles_by_time_stamps -> symbol=BNBUSDT tick_interval=1d start=2025-08-29 02:00:00 end=2026-06-26 01:59:59
2026-06-27	 01:05:15     INFO get_candles_by_time_stamps -> symbol=XRPUSDT tick_interval=1d start=2025-08-29 02:00:00 end=2026-06-26 01:59:59
2026-06-27	 01:05:23     INFO get_candles_by_time_stamps -> symbol=DOGEUSDT tick_interval=1d start=2025-08-29 02:00:00 end=2026-06-26 01:59:59
2026-06-27	 01:36:47     INFO get_candles_by_time_stamps -> symbol=BTCUSDT tick_interval=1d start=2025-08-29 02:00:00 end=2026-06-26 01:59:59
2026-06-27	 01:36:54     INFO get_candles_by_time_stamps -> symbol=ETHUSDT tick_interval=1d start=2025-08-29 02:00:00 end=2026-06-26 01:59:59
2026-06-27	 01:37:02     INFO get_candles_by_time_stamps -> symbol=SOLUSDT tick_interval=1d start=2025-08-29 02:00:00 end=2026-06-26 01:59:59
2026-06-27	 01:37:09     INFO get_candles_by_time_stamps -> symbol=BNBUSDT tick_interval=1d start=2025-08-29 02:00:00 end=2026-06-26 01:59:59
2026-06-27	 01:37:18     INFO get_candles_by_time_stamps -> symbol=XRPUSDT tick_interval=1d start=2025-08-29 02:00:00 end=2026-06-26 01:59:59
2026-06-27	 01:37:25     INFO get_candles_by_time_stamps -> symbol=DOGEUSDT tick_interval=1d start=2025-08-29 02:00:00 end=2026-06-26 01:59:59
2026-06-27	 01:37:33     INFO get_candles_by_time_stamps -> symbol=DOGEUSDT tick_interval=1d start=2025-08-29 02:00:00 end=2026-06-26 01:59:59
2026-06-27	 17:01:26     INFO get_candles_by_time_stamps -> symbol=SOLUSDT tick_interval=1d start=2025-08-30 02:00:00 end=2026-06-27 01:59:59
2026-06-27	 17:01:36     INFO get_candles_by_time_stamps -> symbol=XRPUSDT tick_interval=1d start=2025-08-30 02:00:00 end=2026-06-27 01:59:59
2026-06-27	 17:03:55     INFO get_candles_by_time_stamps -> symbol=SOLUSDT tick_interval=1d start=2025-08-30 02:00:00 end=2026-06-27 01:59:59
2026-06-27	 17:04:00     INFO get_candles_by_time_stamps -> symbol=XRPUSDT tick_interval=1d start=2025-08-30 02:00:00 end=2026-06-27 01:59:59
2026-06-27	 20:41:44     INFO get_candles_by_time_stamps -> symbol=BTCUSDT tick_interval=1d start=2025-12-08 01:00:00 end=2026-06-27 01:59:59
2026-06-27	 20:42:10     INFO get_candles_by_time_stamps -> symbol=BTCUSDT tick_interval=1d start=2025-12-08 01:00:00 end=2026-06-27 01:59:59
2026-06-27	 20:48:44     INFO get_candles_by_time_stamps -> symbol=BTCUSDT tick_interval=1d start=2025-12-08 01:00:00 end=2026-06-27 01:59:59
2026-06-27	 20:48:58     INFO get_candles_by_time_stamps -> symbol=BTCUSDT tick_interval=1d start=2025-12-08 01:00:00 end=2026-06-27 01:59:59
2026-06-27	 20:49:17     INFO get_candles_by_time_stamps -> symbol=BTCUSDT tick_interval=1d start=2025-12-08 01:00:00 end=2026-06-27 01:59:59
2026-06-27	 20:50:03     INFO get_candles_by_time_stamps -> symbol=BTCUSDT tick_interval=4h start=2026-05-25 02:00:00 end=2026-06-27 13:59:59
2026-06-27	 20:50:13     INFO get_candles_by_time_stamps -> symbol=BTCUSDT tick_interval=1w start=2025-06-19 02:00:00 end=2026-06-25 01:59:59
2026-06-27	 21:12:17     INFO get_candles_by_time_stamps -> symbol=AVAXUSDT tick_interval=1d start=2025-05-22 02:00:00 end=2026-06-27 01:59:59
2026-06-27	 21:12:33     INFO get_candles_by_time_stamps -> symbol=ETHUSDT tick_interval=1d start=2025-12-08 01:00:00 end=2026-06-27 01:59:59
2026-06-27	 21:12:38     INFO get_candles_by_time_stamps -> symbol=SOLUSDT tick_interval=1d start=2025-12-08 01:00:00 end=2026-06-27 01:59:59
2026-06-27	 21:12:43     INFO get_candles_by_time_stamps -> symbol=AVAXUSDT tick_interval=1d start=2025-12-08 01:00:00 end=2026-06-27 01:59:59
2026-06-27	 21:12:49     INFO get_candles_by_time_stamps -> symbol=ADAUSDT tick_interval=1d start=2025-12-08 01:00:00 end=2026-06-27 01:59:59
2026-06-27	 21:12:54     INFO get_candles_by_time_stamps -> symbol=DOGEUSDT tick_interval=1d start=2025-12-08 01:00:00 end=2026-06-27 01:59:59
2026-06-27	 21:12:59     INFO get_candles_by_time_stamps -> symbol=BNBUSDT tick_interval=1d start=2025-12-08 01:00:00 end=2026-06-27 01:59:59
2026-06-27	 21:13:04     INFO get_candles_by_time_stamps -> symbol=XRPUSDT tick_interval=1d start=2025-12-08 01:00:00 end=2026-06-27 01:59:59
2026-06-28	 01:22:39     INFO get_candles_by_time_stamps -> symbol=BTCUSDT tick_interval=4h start=2026-01-11 21:00:00 end=2026-06-27 17:59:59
2026-06-28	 01:23:35     INFO get_candles_by_time_stamps -> symbol=BTCUSDT tick_interval=4h start=2025-10-20 14:00:00 end=2026-06-27 17:59:59
2026-06-28	 01:51:34     INFO get_candles_by_time_stamps -> symbol=AVAXUSDT tick_interval=1d start=2026-02-26 01:00:00 end=2026-06-27 01:59:59
